{"total": {"lines":{"total":818,"covered":435,"skipped":0,"pct":53.17},"statements":{"total":874,"covered":460,"skipped":0,"pct":52.63},"functions":{"total":140,"covered":90,"skipped":0,"pct":64.28},"branches":{"total":823,"covered":362,"skipped":0,"pct":43.98},"branchesTrue":{"total":0,"covered":0,"skipped":0,"pct":100}}
,"/Users/lsofa/klin_recomendation/src/api/clinrecProcessMapper.ts": {"lines":{"total":109,"covered":99,"skipped":0,"pct":90.82},"functions":{"total":21,"covered":20,"skipped":0,"pct":95.23},"statements":{"total":139,"covered":109,"skipped":0,"pct":78.41},"branches":{"total":188,"covered":121,"skipped":0,"pct":64.36}}
,"/Users/lsofa/klin_recomendation/src/comparison/graphDiff.ts": {"lines":{"total":53,"covered":40,"skipped":0,"pct":75.47},"functions":{"total":11,"covered":10,"skipped":0,"pct":90.9},"statements":{"total":59,"covered":45,"skipped":0,"pct":76.27},"branches":{"total":59,"covered":35,"skipped":0,"pct":59.32}}
,"/Users/lsofa/klin_recomendation/src/comparison/promptStrategies.ts": {"lines":{"total":24,"covered":19,"skipped":0,"pct":79.16},"functions":{"total":8,"covered":6,"skipped":0,"pct":75},"statements":{"total":26,"covered":20,"skipped":0,"pct":76.92},"branches":{"total":20,"covered":13,"skipped":0,"pct":65}}
,"/Users/lsofa/klin_recomendation/src/engine/ExecutionEngine.ts": {"lines":{"total":148,"covered":67,"skipped":0,"pct":45.27},"functions":{"total":13,"covered":6,"skipped":0,"pct":46.15},"statements":{"total":149,"covered":68,"skipped":0,"pct":45.63},"branches":{"total":140,"covered":54,"skipped":0,"pct":38.57}}
,"/Users/lsofa/klin_recomendation/src/engine/conditionEvaluator.ts": {"lines":{"total":220,"covered":81,"skipped":0,"pct":36.81},"functions":{"total":32,"covered":17,"skipped":0,"pct":53.12},"statements":{"total":220,"covered":81,"skipped":0,"pct":36.81},"branches":{"total":162,"covered":34,"skipped":0,"pct":20.98}}
,"/Users/lsofa/klin_recomendation/src/engine/example.ts": {"lines":{"total":53,"covered":0,"skipped":0,"pct":0},"functions":{"total":12,"covered":0,"skipped":0,"pct":0},"statements":{"total":53,"covered":0,"skipped":0,"pct":0},"branches":{"total":24,"covered":0,"skipped":0,"pct":0}}
,"/Users/lsofa/klin_recomendation/src/engine/nodeHandlers.ts": {"lines":{"total":200,"covered":118,"skipped":0,"pct":59},"functions":{"total":36,"covered":24,"skipped":0,"pct":66.66},"statements":{"total":213,"covered":123,"skipped":0,"pct":57.74},"branches":{"total":216,"covered":95,"skipped":0,"pct":43.98}}
,"/Users/lsofa/klin_recomendation/src/engine/types.ts": {"lines":{"total":0,"covered":0,"skipped":0,"pct":0},"functions":{"total":0,"covered":0,"skipped":0,"pct":0},"statements":{"total":0,"covered":0,"skipped":0,"pct":0},"branches":{"total":0,"covered":0,"skipped":0,"pct":0}}
,"/Users/lsofa/klin_recomendation/src/utils/permissions.ts": {"lines":{"total":11,"covered":11,"skipped":0,"pct":100},"functions":{"total":7,"covered":7,"skipped":0,"pct":100},"statements":{"total":15,"covered":14,"skipped":0,"pct":93.33},"branches":{"total":14,"covered":10,"skipped":0,"pct":71.42}}
}
